/*C13*/SET SCHEMA PUBLIC
drop table if exists aplicativo CASCADE 
drop table if exists aplicativo_comentarios CASCADE 
drop table if exists comentario CASCADE 
create table aplicativo (uuid binary(16) not null, avaliacao_geral integer not null, avaliacao_individual integer not null, descricao varchar(120) not null, executavel blob(255), nome varchar(50) not null, preco numeric(19,2), tipo integer not null, primary key (uuid))
create table aplicativo_comentarios (aplicativo_uuid binary(16) not null, comentarios_uuid binary(16) not null)
create table comentario (uuid binary(16) not null, autour varchar(25) not null, conteudo varchar(500) not null, data timestamp, primary key (uuid))
alter table aplicativo_comentarios add constraint UK_29sw2t1jh8ly5j6lqpremffjh unique (comentarios_uuid)
alter table aplicativo_comentarios add constraint FKpht0aefaaeahxvremqte6h8q8 foreign key (comentarios_uuid) references comentario
alter table aplicativo_comentarios add constraint FK18kjrr6p0umgrq9mpre7latb9 foreign key (aplicativo_uuid) references aplicativo
drop table if exists aplicativo CASCADE 
drop table if exists aplicativo_comentarios CASCADE 
drop table if exists comentario CASCADE 
DISCONNECT
/*C14*/SET SCHEMA PUBLIC
DISCONNECT
/*C15*/SET SCHEMA PUBLIC
DISCONNECT
/*C16*/SET SCHEMA PUBLIC
DISCONNECT
/*C17*/SET SCHEMA PUBLIC
DISCONNECT
/*C18*/SET SCHEMA PUBLIC
DISCONNECT
/*C19*/SET SCHEMA PUBLIC
DISCONNECT
/*C20*/SET SCHEMA PUBLIC
DISCONNECT
/*C21*/SET SCHEMA PUBLIC
DISCONNECT
/*C22*/SET SCHEMA PUBLIC
DISCONNECT
